<?xml version="1.0" encoding="UTF-8"?>
<testsuite name="com.example.demo.ShortnerApplicationTests" tests="1" skipped="0" failures="0" errors="0" timestamp="2026-03-11T02:06:02.567Z" hostname="DESKTOP-HFAT991" time="4.7">
  <properties/>
  <testcase name="contextLoads()" classname="com.example.demo.ShortnerApplicationTests" time="0.364"/>
  <system-out><![CDATA[23:06:02.703 [Test worker] INFO org.springframework.test.context.support.AnnotationConfigContextLoaderUtils -- Could not detect default configuration classes for test class [com.example.demo.ShortnerApplicationTests]: ShortnerApplicationTests does not declare any static, non-private, non-final, nested classes annotated with @Configuration.
23:06:02.797 [Test worker] INFO org.springframework.boot.test.context.SpringBootTestContextBootstrapper -- Found @SpringBootConfiguration com.example.demo.ShortnerApplication for test class com.example.demo.ShortnerApplicationTests

  .   ____          _            __ _ _
 /\\ / ___'_ __ _ _(_)_ __  __ _ \ \ \ \
( ( )\___ | '_ | '_| | '_ \/ _` | \ \ \ \
 \\/  ___)| |_)| | | | | || (_| |  ) ) ) )
  '  |____| .__|_| |_|_| |_\__, | / / / /
 =========|_|==============|___/=/_/_/_/

 :: Spring Boot ::                (v3.3.5)

2026-03-10T23:06:03.175-03:00  INFO 15068 --- [shortner] [    Test worker] c.example.demo.ShortnerApplicationTests  : Starting ShortnerApplicationTests using Java 21.0.9 with PID 15068 (started by joaop in C:\Users\joaop\Desktop\codes\desafio-tecnico-itau\app)
2026-03-10T23:06:03.176-03:00  INFO 15068 --- [shortner] [    Test worker] c.example.demo.ShortnerApplicationTests  : No active profile set, falling back to 1 default profile: "default"
2026-03-10T23:06:03.739-03:00  INFO 15068 --- [shortner] [    Test worker] .s.d.r.c.RepositoryConfigurationDelegate : Bootstrapping Spring Data JPA repositories in DEFAULT mode.
2026-03-10T23:06:03.804-03:00  INFO 15068 --- [shortner] [    Test worker] .s.d.r.c.RepositoryConfigurationDelegate : Finished Spring Data repository scanning in 56 ms. Found 1 JPA repository interface.
2026-03-10T23:06:04.185-03:00  INFO 15068 --- [shortner] [    Test worker] o.hibernate.jpa.internal.util.LogHelper  : HHH000204: Processing PersistenceUnitInfo [name: default]
2026-03-10T23:06:04.272-03:00  INFO 15068 --- [shortner] [    Test worker] org.hibernate.Version                    : HHH000412: Hibernate ORM core version 6.5.3.Final
2026-03-10T23:06:04.319-03:00  INFO 15068 --- [shortner] [    Test worker] o.h.c.internal.RegionFactoryInitiator    : HHH000026: Second-level cache disabled
2026-03-10T23:06:04.617-03:00  INFO 15068 --- [shortner] [    Test worker] o.s.o.j.p.SpringPersistenceUnitInfo      : No LoadTimeWeaver setup: ignoring JPA class transformer
2026-03-10T23:06:04.653-03:00  INFO 15068 --- [shortner] [    Test worker] com.zaxxer.hikari.HikariDataSource       : HikariPool-1 - Starting...
2026-03-10T23:06:04.807-03:00  INFO 15068 --- [shortner] [    Test worker] com.zaxxer.hikari.pool.HikariPool        : HikariPool-1 - Added connection conn0: url=jdbc:h2:mem:banco user=ADMIN
2026-03-10T23:06:04.809-03:00  INFO 15068 --- [shortner] [    Test worker] com.zaxxer.hikari.HikariDataSource       : HikariPool-1 - Start completed.
2026-03-10T23:06:05.610-03:00  INFO 15068 --- [shortner] [    Test worker] o.h.e.t.j.p.i.JtaPlatformInitiator       : HHH000489: No JTA platform available (set 'hibernate.transaction.jta.platform' to enable JTA platform integration)
2026-03-10T23:06:05.669-03:00  INFO 15068 --- [shortner] [    Test worker] j.LocalContainerEntityManagerFactoryBean : Initialized JPA EntityManagerFactory for persistence unit 'default'
2026-03-10T23:06:05.900-03:00  INFO 15068 --- [shortner] [    Test worker] o.s.d.j.r.query.QueryEnhancerFactory     : Hibernate is in classpath; If applicable, HQL parser will be used.
2026-03-10T23:06:06.503-03:00  WARN 15068 --- [shortner] [    Test worker] JpaBaseConfiguration$JpaWebConfiguration : spring.jpa.open-in-view is enabled by default. Therefore, database queries may be performed during view rendering. Explicitly configure spring.jpa.open-in-view to disable this warning
2026-03-10T23:06:06.826-03:00  INFO 15068 --- [shortner] [    Test worker] o.s.b.a.h2.H2ConsoleAutoConfiguration    : H2 console available at '/h2-console'. Database available at 'jdbc:h2:mem:banco'
2026-03-10T23:06:06.886-03:00  INFO 15068 --- [shortner] [    Test worker] c.example.demo.ShortnerApplicationTests  : Started ShortnerApplicationTests in 3.936 seconds (process running for 5.023)
]]></system-out>
  <system-err><![CDATA[WARNING: A Java agent has been loaded dynamically (C:\Gradle\caches\modules-2\files-2.1\net.bytebuddy\byte-buddy-agent\1.14.19\154da3a65b4f4a909d3e5bdec55d1b2b4cbb6ce1\byte-buddy-agent-1.14.19.jar)
WARNING: If a serviceability tool is in use, please run with -XX:+EnableDynamicAgentLoading to hide this warning
WARNING: If a serviceability tool is not in use, please run with -Djdk.instrument.traceUsage for more information
WARNING: Dynamic loading of agents will be disallowed by default in a future release
]]></system-err>
</testsuite>
