<?xml version="1.0" encoding="UTF-8"?>
<testsuite name="com.example.demo.application.service.UrlServiceImplTest" tests="1" skipped="0" failures="0" errors="0" timestamp="2026-03-10T19:01:04.747Z" hostname="DESKTOP-HFAT991" time="0.996">
  <properties/>
  <testcase name="NotFoundUrlShort()" classname="com.example.demo.application.service.UrlServiceImplTest" time="0.977"/>
  <system-out><![CDATA[16:01:05.722 [Test worker] INFO com.example.demo.application.service.UrlServiceImpl -- Identifer: null 
]]></system-out>
  <system-err><![CDATA[WARNING: A Java agent has been loaded dynamically (C:\Gradle\caches\modules-2\files-2.1\net.bytebuddy\byte-buddy-agent\1.14.19\154da3a65b4f4a909d3e5bdec55d1b2b4cbb6ce1\byte-buddy-agent-1.14.19.jar)
WARNING: If a serviceability tool is in use, please run with -XX:+EnableDynamicAgentLoading to hide this warning
WARNING: If a serviceability tool is not in use, please run with -Djdk.instrument.traceUsage for more information
WARNING: Dynamic loading of agents will be disallowed by default in a future release
]]></system-err>
</testsuite>
